<?xml version="1.0" encoding="UTF-8"?>
<!-- Generated by org.testng.reporters.JUnitReportReporter -->
<testsuite hostname="DESKTOP-9NV6952" failures="0" tests="1" name="TestPack.TestNg" time="0.009" errors="0" timestamp="2022-09-13T23:30:49 IST" skipped="0">
  <testcase classname="TestPack.TestNg" name="test123" time="0.009"/>
  <system-out/>
</testsuite> <!-- TestPack.TestNg -->
